[2J[Hdnapars: can't find input file "infile"
Please enter a new file name> [2J[H
DNA parsimony algorithm, version 3.697

Setting for this run:
  U                 Search for best tree?  Yes
  S                        Search option?  More thorough search
  V              Number of trees to save?  10000
  J   Randomize input order of sequences?  No. Use input order
  O                        Outgroup root?  No, use as outgroup species  1
  T              Use Threshold parsimony?  No, use ordinary parsimony
  N           Use Transversion parsimony?  No, count all steps
  W                       Sites weighted?  No
  M           Analyze multiple data sets?  No
  I          Input sequences interleaved?  Yes
  0   Terminal type (IBM PC, ANSI, none)?  ANSI
  1    Print out the data at start of run  No
  2  Print indications of progress of run  Yes
  3                        Print out tree  Yes
  4          Print out steps in each site  No
  5  Print sequences at all nodes of tree  No
  6       Write out trees onto tree file?  Yes

  Y to accept these or type the letter for one to change

Random number seed (must be odd)?
Number of times to jumble?
[2J[H
DNA parsimony algorithm, version 3.697

Setting for this run:
  U                 Search for best tree?  Yes
  S                        Search option?  More thorough search
  V              Number of trees to save?  10000
  J   Randomize input order of sequences?  Yes (seed =       1, 10 times)
  O                        Outgroup root?  No, use as outgroup species  1
  T              Use Threshold parsimony?  No, use ordinary parsimony
  N           Use Transversion parsimony?  No, count all steps
  W                       Sites weighted?  No
  M           Analyze multiple data sets?  No
  I          Input sequences interleaved?  Yes
  0   Terminal type (IBM PC, ANSI, none)?  ANSI
  1    Print out the data at start of run  No
  2  Print indications of progress of run  Yes
  3                        Print out tree  Yes
  4          Print out steps in each site  No
  5  Print sequences at all nodes of tree  No
  6       Write out trees onto tree file?  Yes

  Y to accept these or type the letter for one to change
Type number of the outgroup:
[2J[H
DNA parsimony algorithm, version 3.697

Setting for this run:
  U                 Search for best tree?  Yes
  S                        Search option?  More thorough search
  V              Number of trees to save?  10000
  J   Randomize input order of sequences?  Yes (seed =       1, 10 times)
  O                        Outgroup root?  Yes, at sequence number  1
  T              Use Threshold parsimony?  No, use ordinary parsimony
  N           Use Transversion parsimony?  No, count all steps
  W                       Sites weighted?  No
  M           Analyze multiple data sets?  No
  I          Input sequences interleaved?  Yes
  0   Terminal type (IBM PC, ANSI, none)?  ANSI
  1    Print out the data at start of run  No
  2  Print indications of progress of run  Yes
  3                        Print out tree  Yes
  4          Print out steps in each site  No
  5  Print sequences at all nodes of tree  No
  6       Write out trees onto tree file?  Yes

  Y to accept these or type the letter for one to change
[2J[H
DNA parsimony algorithm, version 3.697

Setting for this run:
  U                 Search for best tree?  Yes
  S                        Search option?  More thorough search
  V              Number of trees to save?  10000
  J   Randomize input order of sequences?  Yes (seed =       1, 10 times)
  O                        Outgroup root?  Yes, at sequence number  1
  T              Use Threshold parsimony?  No, use ordinary parsimony
  N           Use Transversion parsimony?  No, count all steps
  W                       Sites weighted?  No
  M           Analyze multiple data sets?  No
  I          Input sequences interleaved?  Yes
  0   Terminal type (IBM PC, ANSI, none)?  ANSI
  1    Print out the data at start of run  No
  2  Print indications of progress of run  Yes
  3                        Print out tree  Yes
  4          Print out steps in each site  Yes
  5  Print sequences at all nodes of tree  No
  6       Write out trees onto tree file?  Yes

  Y to accept these or type the letter for one to change
[2J[H
DNA parsimony algorithm, version 3.697

Setting for this run:
  U                 Search for best tree?  Yes
  S                        Search option?  More thorough search
  V              Number of trees to save?  10000
  J   Randomize input order of sequences?  Yes (seed =       1, 10 times)
  O                        Outgroup root?  Yes, at sequence number  1
  T              Use Threshold parsimony?  No, use ordinary parsimony
  N           Use Transversion parsimony?  No, count all steps
  W                       Sites weighted?  No
  M           Analyze multiple data sets?  No
  I          Input sequences interleaved?  Yes
  0   Terminal type (IBM PC, ANSI, none)?  ANSI
  1    Print out the data at start of run  No
  2  Print indications of progress of run  Yes
  3                        Print out tree  Yes
  4          Print out steps in each site  Yes
  5  Print sequences at all nodes of tree  Yes
  .  Use dot-differencing to display them  Yes
  6       Write out trees onto tree file?  Yes

  Y to accept these or type the letter for one to change
[2J[H
DNA parsimony algorithm, version 3.697

Setting for this run:
  U                 Search for best tree?  Yes
  S                        Search option?  More thorough search
  V              Number of trees to save?  10000
  J   Randomize input order of sequences?  Yes (seed =       1, 10 times)
  O                        Outgroup root?  Yes, at sequence number  1
  T              Use Threshold parsimony?  No, use ordinary parsimony
  N           Use Transversion parsimony?  No, count all steps
  W                       Sites weighted?  No
  M           Analyze multiple data sets?  No
  I          Input sequences interleaved?  Yes
  0   Terminal type (IBM PC, ANSI, none)?  ANSI
  1    Print out the data at start of run  No
  2  Print indications of progress of run  Yes
  3                        Print out tree  Yes
  4          Print out steps in each site  Yes
  5  Print sequences at all nodes of tree  Yes
  .  Use dot-differencing to display them  No
  6       Write out trees onto tree file?  Yes

  Y to accept these or type the letter for one to change
Adding species:
   1. seq17     
   2. seq23     
   3. seq24     
   4. seq14     
   5. seq31     
   6. seq39     
   7. seq4      
   8. seq15     
   9. seq11     
  10. seq3      
  11. seq8      
  12. seq25     
  13. seq21     
  14. seq34     
  15. seq20     
  16. seq22     
  17. seq26     
  18. seq19     
  19. seq30     
  20. seq9      
  21. seq33     
  22. seq27     
  23. seq7      
  24. seq28     
  25. seq16     
  26. seq5      
  27. seq2      
  28. seq12     
  29. GL        
  30. seq1      
  31. seq29     
  32. seq37     
  33. seq10     
  34. seq35     
  35. seq13     
  36. seq38     
  37. seq32     
  38. seq36     
  39. seq6      
  40. seq18     

Doing global rearrangements on all trees tied for best
  !----------------------------------------!
   ........................................
   ........................................
   ........................................

Adding species:
   1. seq38     
   2. seq2      
   3. seq10     
   4. seq23     
   5. seq1      
   6. seq18     
   7. seq27     
   8. seq5      
   9. seq24     
  10. seq34     
  11. seq17     
  12. seq32     
  13. seq21     
  14. seq20     
  15. seq8      
  16. seq3      
  17. seq31     
  18. seq36     
  19. seq7      
  20. seq26     
  21. seq35     
  22. seq19     
  23. seq33     
  24. seq9      
  25. seq6      
  26. seq13     
  27. GL        
  28. seq15     
  29. seq22     
  30. seq11     
  31. seq29     
  32. seq16     
  33. seq37     
  34. seq39     
  35. seq4      
  36. seq30     
  37. seq25     
  38. seq14     
  39. seq12     
  40. seq28     

Doing global rearrangements on all trees tied for best
  !----------------------------------------!
   ........................................

Adding species:
   1. seq12     
   2. seq37     
   3. seq16     
   4. seq1      
   5. GL        
   6. seq23     
   7. seq28     
   8. seq20     
   9. seq26     
  10. seq22     
  11. seq17     
  12. seq39     
  13. seq11     
  14. seq2      
  15. seq38     
  16. seq15     
  17. seq30     
  18. seq9      
  19. seq3      
  20. seq19     
  21. seq6      
  22. seq36     
  23. seq31     
  24. seq8      
  25. seq13     
  26. seq18     
  27. seq35     
  28. seq33     
  29. seq27     
  30. seq14     
  31. seq25     
  32. seq5      
  33. seq34     
  34. seq10     
  35. seq32     
  36. seq29     
  37. seq24     
  38. seq4      
  39. seq7      
  40. seq21     

Doing global rearrangements on all trees tied for best
  !----------------------------------------!
   ........................................
   ........................................

Adding species:
   1. seq21     
   2. seq14     
   3. seq13     
   4. seq19     
   5. seq7      
   6. seq12     
   7. seq24     
   8. seq20     
   9. seq28     
  10. seq23     
  11. seq9      
  12. seq37     
  13. seq31     
  14. seq11     
  15. GL        
  16. seq18     
  17. seq33     
  18. seq16     
  19. seq22     
  20. seq29     
  21. seq26     
  22. seq3      
  23. seq27     
  24. seq32     
  25. seq6      
  26. seq35     
  27. seq1      
  28. seq8      
  29. seq36     
  30. seq25     
  31. seq17     
  32. seq2      
  33. seq30     
  34. seq15     
  35. seq4      
  36. seq34     
  37. seq38     
  38. seq10     
  39. seq5      
  40. seq39     

Doing global rearrangements on all trees tied for best
  !----------------------------------------!
   ........................................
   ........................................
   ........................................
   ........................................
   ........................................
   ........................................
   ........................................
   ........................................
   ........................................
   ........................................
   ........................................
   ........................................
   ........................................
   ........................................
   ........................................
   ........................................
   ........................................
   ........................................
   ........................................
   ........................................
   ........................................
   ........................................
   ........................................
   ........................................
   ........................................
   ........................................
   ........................................
   ........................................
   ........................................
   ........................................
   ........................................
   ........................................
   ........................................

Adding species:
   1. seq20     
   2. seq12     
   3. seq4      
   4. seq36     
   5. seq2      
   6. seq8      
   7. seq6      
   8. seq9      
   9. seq27     
  10. seq19     
  11. seq26     
  12. seq16     
  13. seq14     
  14. seq34     
  15. seq31     
  16. seq11     
  17. seq33     
  18. seq13     
  19. seq28     
  20. seq7      
  21. seq21     
  22. seq39     
  23. seq38     
  24. seq22     
  25. seq17     
  26. seq5      
  27. seq24     
  28. seq37     
  29. seq32     
  30. seq10     
  31. seq30     
  32. GL        
  33. seq15     
  34. seq35     
  35. seq3      
  36. seq29     
  37. seq1      
  38. seq23     
  39. seq25     
  40. seq18     

Doing global rearrangements on all trees tied for best
  !----------------------------------------!
   ........................................

Adding species:
   1. seq31     
   2. GL        
   3. seq34     
   4. seq24     
   5. seq20     
   6. seq1      
   7. seq16     
   8. seq13     
   9. seq28     
  10. seq32     
  11. seq7      
  12. seq15     
  13. seq17     
  14. seq22     
  15. seq25     
  16. seq38     
  17. seq11     
  18. seq35     
  19. seq3      
  20. seq12     
  21. seq2      
  22. seq19     
  23. seq14     
  24. seq27     
  25. seq4      
  26. seq9      
  27. seq37     
  28. seq18     
  29. seq30     
  30. seq21     
  31. seq6      
  32. seq39     
  33. seq5      
  34. seq36     
  35. seq23     
  36. seq26     
  37. seq10     
  38. seq8      
  39. seq33     
  40. seq29     

Doing global rearrangements on all trees tied for best
  !----------------------------------------!
   ........................................

Adding species:
   1. GL        
   2. seq2      
   3. seq26     
   4. seq22     
   5. seq24     
   6. seq18     
   7. seq10     
   8. seq8      
   9. seq3      
  10. seq14     
  11. seq37     
  12. seq25     
  13. seq1      
  14. seq36     
  15. seq39     
  16. seq38     
  17. seq5      
  18. seq4      
  19. seq27     
  20. seq21     
  21. seq30     
  22. seq29     
  23. seq20     
  24. seq19     
  25. seq33     
  26. seq17     
  27. seq13     
  28. seq12     
  29. seq6      
  30. seq15     
  31. seq23     
  32. seq7      
  33. seq31     
  34. seq34     
  35. seq16     
  36. seq35     
  37. seq11     
  38. seq9      
  39. seq28     
  40. seq32     

Doing global rearrangements on all trees tied for best
  !----------------------------------------!
   ........................................
   ........................................
   ........................................
   ........................................
   ........................................
   ........................................
   ........................................
   ........................................
   ........................................
   ........................................
   ........................................
   ........................................
   ........................................
   ........................................
   ........................................
   ........................................
   ........................................
   ........................................
   ........................................
   ........................................
   ........................................
   ........................................
   ........................................
   ........................................
   ........................................
   ........................................
   ........................................
   ........................................
   ........................................
   ........................................
   ........................................
   ........................................
   ........................................
   ........................................
   ........................................
   ........................................
   ........................................
   ........................................
   ........................................
   ........................................
   ........................................
   ........................................
   ........................................

Adding species:
   1. seq19     
   2. seq33     
   3. seq6      
   4. seq10     
   5. seq27     
   6. seq5      
   7. seq38     
   8. seq3      
   9. seq39     
  10. seq15     
  11. seq18     
  12. seq30     
  13. seq14     
  14. seq2      
  15. seq17     
  16. GL        
  17. seq1      
  18. seq13     
  19. seq4      
  20. seq29     
  21. seq21     
  22. seq35     
  23. seq12     
  24. seq32     
  25. seq26     
  26. seq23     
  27. seq36     
  28. seq11     
  29. seq31     
  30. seq37     
  31. seq9      
  32. seq34     
  33. seq20     
  34. seq25     
  35. seq7      
  36. seq8      
  37. seq22     
  38. seq16     
  39. seq24     
  40. seq28     

Doing global rearrangements on all trees tied for best
  !----------------------------------------!
   ........................................

Adding species:
   1. seq15     
   2. seq33     
   3. seq23     
   4. seq38     
   5. seq19     
   6. seq6      
   7. seq36     
   8. seq35     
   9. seq17     
  10. seq22     
  11. seq2      
  12. seq34     
  13. seq24     
  14. seq16     
  15. seq4      
  16. seq8      
  17. seq28     
  18. seq13     
  19. seq27     
  20. seq25     
  21. seq11     
  22. seq14     
  23. seq39     
  24. seq37     
  25. seq12     
  26. seq29     
  27. seq21     
  28. seq31     
  29. seq26     
  30. seq10     
  31. seq30     
  32. seq20     
  33. seq3      
  34. seq5      
  35. seq9      
  36. seq7      
  37. seq18     
  38. seq1      
  39. seq32     
  40. GL        

Doing global rearrangements on all trees tied for best
  !----------------------------------------!
   ........................................

Adding species:
   1. seq24     
   2. seq19     
   3. seq2      
   4. seq11     
   5. seq1      
   6. seq39     
   7. seq32     
   8. seq7      
   9. seq31     
  10. seq30     
  11. GL        
  12. seq15     
  13. seq14     
  14. seq37     
  15. seq5      
  16. seq23     
  17. seq21     
  18. seq10     
  19. seq34     
  20. seq38     
  21. seq22     
  22. seq8      
  23. seq16     
  24. seq18     
  25. seq13     
  26. seq27     
  27. seq26     
  28. seq25     
  29. seq17     
  30. seq20     
  31. seq4      
  32. seq29     
  33. seq12     
  34. seq9      
  35. seq36     
  36. seq28     
  37. seq6      
  38. seq3      
  39. seq33     
  40. seq35     

Doing global rearrangements on all trees tied for best
  !----------------------------------------!
   ........................................

Collapsing best trees
   .......................................

Output written to file "outfile"

Trees also written onto file "outtree"

Done.

