[2J[Hdnapars: can't find input file "infile"
Please enter a new file name> [2J[H
DNA parsimony algorithm, version 3.697

Setting for this run:
  U                 Search for best tree?  Yes
  S                        Search option?  More thorough search
  V              Number of trees to save?  10000
  J   Randomize input order of sequences?  No. Use input order
  O                        Outgroup root?  No, use as outgroup species  1
  T              Use Threshold parsimony?  No, use ordinary parsimony
  N           Use Transversion parsimony?  No, count all steps
  W                       Sites weighted?  No
  M           Analyze multiple data sets?  No
  I          Input sequences interleaved?  Yes
  0   Terminal type (IBM PC, ANSI, none)?  ANSI
  1    Print out the data at start of run  No
  2  Print indications of progress of run  Yes
  3                        Print out tree  Yes
  4          Print out steps in each site  No
  5  Print sequences at all nodes of tree  No
  6       Write out trees onto tree file?  Yes

  Y to accept these or type the letter for one to change

Random number seed (must be odd)?
Number of times to jumble?
[2J[H
DNA parsimony algorithm, version 3.697

Setting for this run:
  U                 Search for best tree?  Yes
  S                        Search option?  More thorough search
  V              Number of trees to save?  10000
  J   Randomize input order of sequences?  Yes (seed =       1, 10 times)
  O                        Outgroup root?  No, use as outgroup species  1
  T              Use Threshold parsimony?  No, use ordinary parsimony
  N           Use Transversion parsimony?  No, count all steps
  W                       Sites weighted?  No
  M           Analyze multiple data sets?  No
  I          Input sequences interleaved?  Yes
  0   Terminal type (IBM PC, ANSI, none)?  ANSI
  1    Print out the data at start of run  No
  2  Print indications of progress of run  Yes
  3                        Print out tree  Yes
  4          Print out steps in each site  No
  5  Print sequences at all nodes of tree  No
  6       Write out trees onto tree file?  Yes

  Y to accept these or type the letter for one to change
Type number of the outgroup:
[2J[H
DNA parsimony algorithm, version 3.697

Setting for this run:
  U                 Search for best tree?  Yes
  S                        Search option?  More thorough search
  V              Number of trees to save?  10000
  J   Randomize input order of sequences?  Yes (seed =       1, 10 times)
  O                        Outgroup root?  Yes, at sequence number  1
  T              Use Threshold parsimony?  No, use ordinary parsimony
  N           Use Transversion parsimony?  No, count all steps
  W                       Sites weighted?  No
  M           Analyze multiple data sets?  No
  I          Input sequences interleaved?  Yes
  0   Terminal type (IBM PC, ANSI, none)?  ANSI
  1    Print out the data at start of run  No
  2  Print indications of progress of run  Yes
  3                        Print out tree  Yes
  4          Print out steps in each site  No
  5  Print sequences at all nodes of tree  No
  6       Write out trees onto tree file?  Yes

  Y to accept these or type the letter for one to change
[2J[H
DNA parsimony algorithm, version 3.697

Setting for this run:
  U                 Search for best tree?  Yes
  S                        Search option?  More thorough search
  V              Number of trees to save?  10000
  J   Randomize input order of sequences?  Yes (seed =       1, 10 times)
  O                        Outgroup root?  Yes, at sequence number  1
  T              Use Threshold parsimony?  No, use ordinary parsimony
  N           Use Transversion parsimony?  No, count all steps
  W                       Sites weighted?  No
  M           Analyze multiple data sets?  No
  I          Input sequences interleaved?  Yes
  0   Terminal type (IBM PC, ANSI, none)?  ANSI
  1    Print out the data at start of run  No
  2  Print indications of progress of run  Yes
  3                        Print out tree  Yes
  4          Print out steps in each site  Yes
  5  Print sequences at all nodes of tree  No
  6       Write out trees onto tree file?  Yes

  Y to accept these or type the letter for one to change
[2J[H
DNA parsimony algorithm, version 3.697

Setting for this run:
  U                 Search for best tree?  Yes
  S                        Search option?  More thorough search
  V              Number of trees to save?  10000
  J   Randomize input order of sequences?  Yes (seed =       1, 10 times)
  O                        Outgroup root?  Yes, at sequence number  1
  T              Use Threshold parsimony?  No, use ordinary parsimony
  N           Use Transversion parsimony?  No, count all steps
  W                       Sites weighted?  No
  M           Analyze multiple data sets?  No
  I          Input sequences interleaved?  Yes
  0   Terminal type (IBM PC, ANSI, none)?  ANSI
  1    Print out the data at start of run  No
  2  Print indications of progress of run  Yes
  3                        Print out tree  Yes
  4          Print out steps in each site  Yes
  5  Print sequences at all nodes of tree  Yes
  .  Use dot-differencing to display them  Yes
  6       Write out trees onto tree file?  Yes

  Y to accept these or type the letter for one to change
[2J[H
DNA parsimony algorithm, version 3.697

Setting for this run:
  U                 Search for best tree?  Yes
  S                        Search option?  More thorough search
  V              Number of trees to save?  10000
  J   Randomize input order of sequences?  Yes (seed =       1, 10 times)
  O                        Outgroup root?  Yes, at sequence number  1
  T              Use Threshold parsimony?  No, use ordinary parsimony
  N           Use Transversion parsimony?  No, count all steps
  W                       Sites weighted?  No
  M           Analyze multiple data sets?  No
  I          Input sequences interleaved?  Yes
  0   Terminal type (IBM PC, ANSI, none)?  ANSI
  1    Print out the data at start of run  No
  2  Print indications of progress of run  Yes
  3                        Print out tree  Yes
  4          Print out steps in each site  Yes
  5  Print sequences at all nodes of tree  Yes
  .  Use dot-differencing to display them  No
  6       Write out trees onto tree file?  Yes

  Y to accept these or type the letter for one to change
Adding species:
   1. seq3      
   2. GL        
   3. seq2      
   4. seq6      
   5. seq8      
   6. seq1      
   7. seq4      
   8. seq7      
   9. seq5      

Doing global rearrangements on all trees tied for best
  !-----------------!
   .................
   .................

Adding species:
   1. seq8      
   2. seq7      
   3. seq2      
   4. seq6      
   5. seq4      
   6. GL        
   7. seq3      
   8. seq5      
   9. seq1      

Doing global rearrangements on all trees tied for best
  !-----------------!
   .................

Adding species:
   1. seq6      
   2. seq1      
   3. seq3      
   4. seq7      
   5. seq2      
   6. seq8      
   7. seq5      
   8. seq4      
   9. GL        

Doing global rearrangements on all trees tied for best
  !-----------------!
   .................

Adding species:
   1. seq4      
   2. seq2      
   3. seq3      
   4. seq7      
   5. seq6      
   6. seq5      
   7. GL        
   8. seq1      
   9. seq8      

Doing global rearrangements on all trees tied for best
  !-----------------!
   .................

Adding species:
   1. seq3      
   2. seq1      
   3. seq2      
   4. seq6      
   5. seq7      
   6. seq8      
   7. seq4      
   8. GL        
   9. seq5      

Doing global rearrangements on all trees tied for best
  !-----------------!
   .................

Adding species:
   1. seq7      
   2. seq5      
   3. seq2      
   4. GL        
   5. seq3      
   6. seq4      
   7. seq6      
   8. seq8      
   9. seq1      

Doing global rearrangements on all trees tied for best
  !-----------------!
   .................

Adding species:
   1. seq1      
   2. seq4      
   3. seq3      
   4. seq5      
   5. seq7      
   6. seq2      
   7. GL        
   8. seq6      
   9. seq8      

Doing global rearrangements on all trees tied for best
  !-----------------!
   .................

Adding species:
   1. seq1      
   2. seq4      
   3. seq3      
   4. GL        
   5. seq8      
   6. seq7      
   7. seq5      
   8. seq2      
   9. seq6      

Doing global rearrangements on all trees tied for best
  !-----------------!
   .................

Adding species:
   1. seq6      
   2. seq1      
   3. seq4      
   4. GL        
   5. seq3      
   6. seq5      
   7. seq8      
   8. seq2      
   9. seq7      

Doing global rearrangements on all trees tied for best
  !-----------------!
   .................

Adding species:
   1. seq1      
   2. seq3      
   3. GL        
   4. seq2      
   5. seq7      
   6. seq6      
   7. seq8      
   8. seq5      
   9. seq4      

Doing global rearrangements on all trees tied for best
  !-----------------!
   .................

Collapsing best trees
   .

Output written to file "outfile"

Tree also written onto file "outtree"

Done.

