[2J[Hdnapars: can't find input file "infile"
Please enter a new file name> [2J[H
DNA parsimony algorithm, version 3.697

Setting for this run:
  U                 Search for best tree?  Yes
  S                        Search option?  More thorough search
  V              Number of trees to save?  10000
  J   Randomize input order of sequences?  No. Use input order
  O                        Outgroup root?  No, use as outgroup species  1
  T              Use Threshold parsimony?  No, use ordinary parsimony
  N           Use Transversion parsimony?  No, count all steps
  W                       Sites weighted?  No
  M           Analyze multiple data sets?  No
  I          Input sequences interleaved?  Yes
  0   Terminal type (IBM PC, ANSI, none)?  ANSI
  1    Print out the data at start of run  No
  2  Print indications of progress of run  Yes
  3                        Print out tree  Yes
  4          Print out steps in each site  No
  5  Print sequences at all nodes of tree  No
  6       Write out trees onto tree file?  Yes

  Y to accept these or type the letter for one to change

Random number seed (must be odd)?
Number of times to jumble?
[2J[H
DNA parsimony algorithm, version 3.697

Setting for this run:
  U                 Search for best tree?  Yes
  S                        Search option?  More thorough search
  V              Number of trees to save?  10000
  J   Randomize input order of sequences?  Yes (seed =       1, 10 times)
  O                        Outgroup root?  No, use as outgroup species  1
  T              Use Threshold parsimony?  No, use ordinary parsimony
  N           Use Transversion parsimony?  No, count all steps
  W                       Sites weighted?  No
  M           Analyze multiple data sets?  No
  I          Input sequences interleaved?  Yes
  0   Terminal type (IBM PC, ANSI, none)?  ANSI
  1    Print out the data at start of run  No
  2  Print indications of progress of run  Yes
  3                        Print out tree  Yes
  4          Print out steps in each site  No
  5  Print sequences at all nodes of tree  No
  6       Write out trees onto tree file?  Yes

  Y to accept these or type the letter for one to change
Type number of the outgroup:
[2J[H
DNA parsimony algorithm, version 3.697

Setting for this run:
  U                 Search for best tree?  Yes
  S                        Search option?  More thorough search
  V              Number of trees to save?  10000
  J   Randomize input order of sequences?  Yes (seed =       1, 10 times)
  O                        Outgroup root?  Yes, at sequence number  1
  T              Use Threshold parsimony?  No, use ordinary parsimony
  N           Use Transversion parsimony?  No, count all steps
  W                       Sites weighted?  No
  M           Analyze multiple data sets?  No
  I          Input sequences interleaved?  Yes
  0   Terminal type (IBM PC, ANSI, none)?  ANSI
  1    Print out the data at start of run  No
  2  Print indications of progress of run  Yes
  3                        Print out tree  Yes
  4          Print out steps in each site  No
  5  Print sequences at all nodes of tree  No
  6       Write out trees onto tree file?  Yes

  Y to accept these or type the letter for one to change
[2J[H
DNA parsimony algorithm, version 3.697

Setting for this run:
  U                 Search for best tree?  Yes
  S                        Search option?  More thorough search
  V              Number of trees to save?  10000
  J   Randomize input order of sequences?  Yes (seed =       1, 10 times)
  O                        Outgroup root?  Yes, at sequence number  1
  T              Use Threshold parsimony?  No, use ordinary parsimony
  N           Use Transversion parsimony?  No, count all steps
  W                       Sites weighted?  No
  M           Analyze multiple data sets?  No
  I          Input sequences interleaved?  Yes
  0   Terminal type (IBM PC, ANSI, none)?  ANSI
  1    Print out the data at start of run  No
  2  Print indications of progress of run  Yes
  3                        Print out tree  Yes
  4          Print out steps in each site  Yes
  5  Print sequences at all nodes of tree  No
  6       Write out trees onto tree file?  Yes

  Y to accept these or type the letter for one to change
[2J[H
DNA parsimony algorithm, version 3.697

Setting for this run:
  U                 Search for best tree?  Yes
  S                        Search option?  More thorough search
  V              Number of trees to save?  10000
  J   Randomize input order of sequences?  Yes (seed =       1, 10 times)
  O                        Outgroup root?  Yes, at sequence number  1
  T              Use Threshold parsimony?  No, use ordinary parsimony
  N           Use Transversion parsimony?  No, count all steps
  W                       Sites weighted?  No
  M           Analyze multiple data sets?  No
  I          Input sequences interleaved?  Yes
  0   Terminal type (IBM PC, ANSI, none)?  ANSI
  1    Print out the data at start of run  No
  2  Print indications of progress of run  Yes
  3                        Print out tree  Yes
  4          Print out steps in each site  Yes
  5  Print sequences at all nodes of tree  Yes
  .  Use dot-differencing to display them  Yes
  6       Write out trees onto tree file?  Yes

  Y to accept these or type the letter for one to change
[2J[H
DNA parsimony algorithm, version 3.697

Setting for this run:
  U                 Search for best tree?  Yes
  S                        Search option?  More thorough search
  V              Number of trees to save?  10000
  J   Randomize input order of sequences?  Yes (seed =       1, 10 times)
  O                        Outgroup root?  Yes, at sequence number  1
  T              Use Threshold parsimony?  No, use ordinary parsimony
  N           Use Transversion parsimony?  No, count all steps
  W                       Sites weighted?  No
  M           Analyze multiple data sets?  No
  I          Input sequences interleaved?  Yes
  0   Terminal type (IBM PC, ANSI, none)?  ANSI
  1    Print out the data at start of run  No
  2  Print indications of progress of run  Yes
  3                        Print out tree  Yes
  4          Print out steps in each site  Yes
  5  Print sequences at all nodes of tree  Yes
  .  Use dot-differencing to display them  No
  6       Write out trees onto tree file?  Yes

  Y to accept these or type the letter for one to change
Adding species:
   1. seq9      
   2. GL        
   3. seq2      
   4. seq14     
   5. seq10     
   6. seq1      
   7. seq4      
   8. seq15     
   9. seq11     
  10. seq3      
  11. seq8      
  12. seq5      
  13. seq12     
  14. seq13     
  15. seq6      
  16. seq7      

Doing global rearrangements on all trees tied for best
  !-------------------------------!
   ...............................
   ...............................
   ...............................
   ...............................
   ...............................
   ...............................
   ...............................
   ...............................
   ...............................
   ...............................
   ...............................
   ...............................
   ...............................
   ...............................
   ...............................
   ...............................
   ...............................
   ...............................
   ...............................
   ...............................
   ...............................
   ...............................
   ...............................
   ...............................
   ...............................
   ...............................
   ...............................
   ...............................
   ...............................
   ...............................
   ...............................
   ...............................
   ...............................
   ...............................
   ...............................
   ...............................
   ...............................
   ...............................
   ...............................
   ...............................
   ...............................
   ...............................
   ...............................
   ...............................
   ...............................
   ...............................
   ...............................
   ...............................
   ...............................
   ...............................
   ...............................
   ...............................
   ...............................
   ...............................
   ...............................
   ...............................
   ...............................
   ...............................
   ...............................
   ...............................
   ...............................
   ...............................
   ...............................
   ...............................
   ...............................
   ...............................
   ...............................
   ...............................
   ...............................
   ...............................
   ...............................
   ...............................
   ...............................
   ...............................
   ...............................
   ...............................
   ...............................
   ...............................
   ...............................
   ...............................
   ...............................
   ...............................
   ...............................
   ...............................
   ...............................
   ...............................
   ...............................
   ...............................
   ...............................
   ...............................
   ...............................
   ...............................
   ...............................
   ...............................
   ...............................
   ...............................
   ...............................
   ...............................
   ...............................
   ...............................
   ...............................
   ...............................
   ...............................
   ...............................
   ...............................
   ...............................
   ...............................
   ...............................
   ...............................
   ...............................
   ...............................
   ...............................
   ...............................
   ...............................
   ...............................
   ...............................
   ...............................
   ...............................
   ...............................
   ...............................
   ...............................
   ...............................
   ...............................
   ...............................
   ...............................
   ...............................
   ...............................
   ...............................
   ...............................
   ...............................
   ...............................
   ...............................
   ...............................
   ...............................
   ...............................
   ...............................
   ...............................
   ...............................
   ...............................
   ...............................
   ...............................
   ...............................
   ...............................
   ...............................
   ...............................
   ...............................
   ...............................
   ...............................
   ...............................
   ...............................
   ...............................
   ...............................
   ...............................
   ...............................
   ...............................
   ...............................
   ...............................
   ...............................
   ...............................
   ...............................
   ...............................
   ...............................
   ...............................
   ...............................
   ...............................
   ...............................
   ...............................
   ...............................
   ...............................
   ...............................
   ...............................
   ...............................
   ...............................
   ...............................
   ...............................
   ...............................
   ...............................
   ...............................
   ...............................
   ...............................

Adding species:
   1. seq7      
   2. seq8      
   3. seq15     
   4. seq5      
   5. seq9      
   6. seq4      
   7. seq10     
   8. seq2      
   9. seq14     
  10. seq11     
  11. seq12     
  12. seq6      
  13. seq3      
  14. GL        
  15. seq13     
  16. seq1      

Doing global rearrangements on all trees tied for best
  !-------------------------------!
   ...............................
   ...............................
   ...............................

Adding species:
   1. GL        
   2. seq7      
   3. seq1      
   4. seq3      
   5. seq5      
   6. seq14     
   7. seq11     
   8. seq12     
   9. seq9      
  10. seq6      
  11. seq8      
  12. seq15     
  13. seq2      
  14. seq13     
  15. seq4      
  16. seq10     

Doing global rearrangements on all trees tied for best
  !-------------------------------!
   ...............................
   ...............................
   ...............................

Adding species:
   1. seq4      
   2. GL        
   3. seq15     
   4. seq10     
   5. seq5      
   6. seq9      
   7. seq2      
   8. seq13     
   9. seq12     
  10. seq6      
  11. seq7      
  12. seq3      
  13. seq8      
  14. seq11     
  15. seq14     
  16. seq1      

Doing global rearrangements on all trees tied for best
  !-------------------------------!
   ...............................
   ...............................
   ...............................
   ...............................
   ...............................
   ...............................
   ...............................
   ...............................
   ...............................
   ...............................
   ...............................
   ...............................
   ...............................
   ...............................
   ...............................
   ...............................
   ...............................
   ...............................
   ...............................
   ...............................
   ...............................
   ...............................
   ...............................
   ...............................
   ...............................
   ...............................
   ...............................
   ...............................
   ...............................
   ...............................
   ...............................
   ...............................
   ...............................
   ...............................
   ...............................
   ...............................
   ...............................
   ...............................
   ...............................
   ...............................
   ...............................
   ...............................
   ...............................
   ...............................
   ...............................
   ...............................
   ...............................
   ...............................
   ...............................
   ...............................
   ...............................
   ...............................
   ...............................
   ...............................
   ...............................
   ...............................
   ...............................
   ...............................
   ...............................
   ...............................
   ...............................
   ...............................
   ...............................
   ...............................
   ...............................
   ...............................
   ...............................
   ...............................
   ...............................
   ...............................
   ...............................
   ...............................
   ...............................
   ...............................
   ...............................
   ...............................
   ...............................
   ...............................
   ...............................
   ...............................
   ...............................
   ...............................
   ...............................
   ...............................
   ...............................
   ...............................
   ...............................
   ...............................
   ...............................
   ...............................
   ...............................
   ...............................
   ...............................
   ...............................
   ...............................
   ...............................
   ...............................
   ...............................
   ...............................
   ...............................
   ...............................
   ...............................
   ...............................
   ...............................
   ...............................
   ...............................
   ...............................
   ...............................
   ...............................
   ...............................
   ...............................
   ...............................
   ...............................
   ...............................
   ...............................
   ...............................
   ...............................
   ...............................
   ...............................
   ...............................
   ...............................
   ...............................
   ...............................
   ...............................
   ...............................
   ...............................
   ...............................
   ...............................
   ...............................
   ...............................
   ...............................
   ...............................
   ...............................
   ...............................
   ...............................
   ...............................
   ...............................
   ...............................
   ...............................
   ...............................
   ...............................
   ...............................
   ...............................
   ...............................
   ...............................
   ...............................
   ...............................
   ...............................
   ...............................
   ...............................
   ...............................
   ...............................
   ...............................
   ...............................
   ...............................
   ...............................
   ...............................
   ...............................
   ...............................
   ...............................
   ...............................
   ...............................
   ...............................
   ...............................
   ...............................
   ...............................
   ...............................
   ...............................
   ...............................
   ...............................
   ...............................
   ...............................
   ...............................
   ...............................
   ...............................
   ...............................
   ...............................
   ...............................
   ...............................
   ...............................
   ...............................
   ...............................
   ...............................
   ...............................
   ...............................
   ...............................
   ...............................
   ...............................
   ...............................
   ...............................
   ...............................
   ...............................
   ...............................
   ...............................
   ...............................
   ...............................

Adding species:
   1. seq14     
   2. seq1      
   3. seq10     
   4. seq8      
   5. seq7      
   6. GL        
   7. seq12     
   8. seq6      
   9. seq4      
  10. seq5      
  11. seq2      
  12. seq13     
  13. seq11     
  14. seq15     
  15. seq3      
  16. seq9      

Doing global rearrangements on all trees tied for best
  !-------------------------------!
   ...............................

Adding species:
   1. seq12     
   2. seq4      
   3. seq3      
   4. seq1      
   5. GL        
   6. seq8      
   7. seq10     
   8. seq6      
   9. seq14     
  10. seq5      
  11. seq9      
  12. seq13     
  13. seq11     
  14. seq2      
  15. seq7      
  16. seq15     

Doing global rearrangements on all trees tied for best
  !-------------------------------!
   ...............................

Adding species:
   1. GL        
   2. seq7      
   3. seq12     
   4. seq10     
   5. seq1      
   6. seq3      
   7. seq9      
   8. seq8      
   9. seq14     
  10. seq2      
  11. seq5      
  12. seq15     
  13. seq13     
  14. seq11     
  15. seq4      
  16. seq6      

Doing global rearrangements on all trees tied for best
  !-------------------------------!
   ...............................

Adding species:
   1. seq11     
   2. seq1      
   3. seq9      
   4. seq2      
   5. seq3      
   6. GL        
   7. seq13     
   8. seq6      
   9. seq15     
  10. seq7      
  11. seq8      
  12. seq5      
  13. seq10     
  14. seq14     
  15. seq4      
  16. seq12     

Doing global rearrangements on all trees tied for best
  !-------------------------------!
   ...............................

Adding species:
   1. seq13     
   2. GL        
   3. seq11     
   4. seq2      
   5. seq12     
   6. seq9      
   7. seq15     
   8. seq1      
   9. seq10     
  10. seq8      
  11. seq3      
  12. seq14     
  13. seq7      
  14. seq6      
  15. seq4      
  16. seq5      

Doing global rearrangements on all trees tied for best
  !-------------------------------!
   ...............................

Adding species:
   1. GL        
   2. seq4      
   3. seq2      
   4. seq7      
   5. seq13     
   6. seq6      
   7. seq8      
   8. seq5      
   9. seq11     
  10. seq1      
  11. seq12     
  12. seq10     
  13. seq3      
  14. seq9      
  15. seq14     
  16. seq15     

Doing global rearrangements on all trees tied for best
  !-------------------------------!
   ...............................

Collapsing best trees
   ...............................................................

Output written to file "outfile"

Trees also written onto file "outtree"

Done.

