[2J[Hdnapars: can't find input file "infile"
Please enter a new file name> [2J[H
DNA parsimony algorithm, version 3.697

Setting for this run:
  U                 Search for best tree?  Yes
  S                        Search option?  More thorough search
  V              Number of trees to save?  10000
  J   Randomize input order of sequences?  No. Use input order
  O                        Outgroup root?  No, use as outgroup species  1
  T              Use Threshold parsimony?  No, use ordinary parsimony
  N           Use Transversion parsimony?  No, count all steps
  W                       Sites weighted?  No
  M           Analyze multiple data sets?  No
  I          Input sequences interleaved?  Yes
  0   Terminal type (IBM PC, ANSI, none)?  ANSI
  1    Print out the data at start of run  No
  2  Print indications of progress of run  Yes
  3                        Print out tree  Yes
  4          Print out steps in each site  No
  5  Print sequences at all nodes of tree  No
  6       Write out trees onto tree file?  Yes

  Y to accept these or type the letter for one to change

Random number seed (must be odd)?
Number of times to jumble?
[2J[H
DNA parsimony algorithm, version 3.697

Setting for this run:
  U                 Search for best tree?  Yes
  S                        Search option?  More thorough search
  V              Number of trees to save?  10000
  J   Randomize input order of sequences?  Yes (seed =       1, 10 times)
  O                        Outgroup root?  No, use as outgroup species  1
  T              Use Threshold parsimony?  No, use ordinary parsimony
  N           Use Transversion parsimony?  No, count all steps
  W                       Sites weighted?  No
  M           Analyze multiple data sets?  No
  I          Input sequences interleaved?  Yes
  0   Terminal type (IBM PC, ANSI, none)?  ANSI
  1    Print out the data at start of run  No
  2  Print indications of progress of run  Yes
  3                        Print out tree  Yes
  4          Print out steps in each site  No
  5  Print sequences at all nodes of tree  No
  6       Write out trees onto tree file?  Yes

  Y to accept these or type the letter for one to change
Type number of the outgroup:
[2J[H
DNA parsimony algorithm, version 3.697

Setting for this run:
  U                 Search for best tree?  Yes
  S                        Search option?  More thorough search
  V              Number of trees to save?  10000
  J   Randomize input order of sequences?  Yes (seed =       1, 10 times)
  O                        Outgroup root?  Yes, at sequence number  1
  T              Use Threshold parsimony?  No, use ordinary parsimony
  N           Use Transversion parsimony?  No, count all steps
  W                       Sites weighted?  No
  M           Analyze multiple data sets?  No
  I          Input sequences interleaved?  Yes
  0   Terminal type (IBM PC, ANSI, none)?  ANSI
  1    Print out the data at start of run  No
  2  Print indications of progress of run  Yes
  3                        Print out tree  Yes
  4          Print out steps in each site  No
  5  Print sequences at all nodes of tree  No
  6       Write out trees onto tree file?  Yes

  Y to accept these or type the letter for one to change
[2J[H
DNA parsimony algorithm, version 3.697

Setting for this run:
  U                 Search for best tree?  Yes
  S                        Search option?  More thorough search
  V              Number of trees to save?  10000
  J   Randomize input order of sequences?  Yes (seed =       1, 10 times)
  O                        Outgroup root?  Yes, at sequence number  1
  T              Use Threshold parsimony?  No, use ordinary parsimony
  N           Use Transversion parsimony?  No, count all steps
  W                       Sites weighted?  No
  M           Analyze multiple data sets?  No
  I          Input sequences interleaved?  Yes
  0   Terminal type (IBM PC, ANSI, none)?  ANSI
  1    Print out the data at start of run  No
  2  Print indications of progress of run  Yes
  3                        Print out tree  Yes
  4          Print out steps in each site  Yes
  5  Print sequences at all nodes of tree  No
  6       Write out trees onto tree file?  Yes

  Y to accept these or type the letter for one to change
[2J[H
DNA parsimony algorithm, version 3.697

Setting for this run:
  U                 Search for best tree?  Yes
  S                        Search option?  More thorough search
  V              Number of trees to save?  10000
  J   Randomize input order of sequences?  Yes (seed =       1, 10 times)
  O                        Outgroup root?  Yes, at sequence number  1
  T              Use Threshold parsimony?  No, use ordinary parsimony
  N           Use Transversion parsimony?  No, count all steps
  W                       Sites weighted?  No
  M           Analyze multiple data sets?  No
  I          Input sequences interleaved?  Yes
  0   Terminal type (IBM PC, ANSI, none)?  ANSI
  1    Print out the data at start of run  No
  2  Print indications of progress of run  Yes
  3                        Print out tree  Yes
  4          Print out steps in each site  Yes
  5  Print sequences at all nodes of tree  Yes
  .  Use dot-differencing to display them  Yes
  6       Write out trees onto tree file?  Yes

  Y to accept these or type the letter for one to change
[2J[H
DNA parsimony algorithm, version 3.697

Setting for this run:
  U                 Search for best tree?  Yes
  S                        Search option?  More thorough search
  V              Number of trees to save?  10000
  J   Randomize input order of sequences?  Yes (seed =       1, 10 times)
  O                        Outgroup root?  Yes, at sequence number  1
  T              Use Threshold parsimony?  No, use ordinary parsimony
  N           Use Transversion parsimony?  No, count all steps
  W                       Sites weighted?  No
  M           Analyze multiple data sets?  No
  I          Input sequences interleaved?  Yes
  0   Terminal type (IBM PC, ANSI, none)?  ANSI
  1    Print out the data at start of run  No
  2  Print indications of progress of run  Yes
  3                        Print out tree  Yes
  4          Print out steps in each site  Yes
  5  Print sequences at all nodes of tree  Yes
  .  Use dot-differencing to display them  No
  6       Write out trees onto tree file?  Yes

  Y to accept these or type the letter for one to change
Adding species:
   1. seq17     
   2. GL        
   3. seq16     
   4. seq14     
   5. seq10     
   6. seq18     
   7. seq4      
   8. seq15     
   9. seq11     
  10. seq3      
  11. seq8      
  12. seq5      
  13. seq12     
  14. seq13     
  15. seq6      
  16. seq7      
  17. seq2      
  18. seq9      
  19. seq1      

Doing global rearrangements on all trees tied for best
  !-------------------------------------!
   .....................................
   .....................................
   .....................................
   .....................................
   .....................................
   .....................................
   .....................................
   .....................................
   .....................................
   .....................................
   .....................................
   .....................................
   .....................................
   .....................................
   .....................................
   .....................................
   .....................................
   .....................................
   .....................................
   .....................................
   .....................................
   .....................................
   .....................................
   .....................................
   .....................................
   .....................................
   .....................................
   .....................................
   .....................................
   .....................................
   .....................................
   .....................................
   .....................................
   .....................................
   .....................................
   .....................................
   .....................................
   .....................................
   .....................................
   .....................................
   .....................................
   .....................................
   .....................................
   .....................................
   .....................................
   .....................................
   .....................................
   .....................................
   .....................................
   .....................................
   .....................................
   .....................................
   .....................................
   .....................................

Adding species:
   1. seq5      
   2. seq2      
   3. seq12     
   4. seq6      
   5. seq7      
   6. seq4      
   7. seq15     
   8. seq11     
   9. seq9      
  10. seq14     
  11. seq8      
  12. GL        
  13. seq3      
  14. seq13     
  15. seq1      
  16. seq18     
  17. seq10     
  18. seq16     
  19. seq17     

Doing global rearrangements on all trees tied for best
  !-------------------------------------!
   .....................................

Adding species:
   1. seq14     
   2. GL        
   3. seq12     
   4. seq10     
   5. seq11     
   6. seq3      
   7. seq2      
   8. seq17     
   9. seq5      
  10. seq7      
  11. seq8      
  12. seq6      
  13. seq15     
  14. seq16     
  15. seq1      
  16. seq13     
  17. seq4      
  18. seq9      
  19. seq18     

Doing global rearrangements on all trees tied for best
  !-------------------------------------!
   .....................................

Adding species:
   1. seq1      
   2. seq6      
   3. seq10     
   4. GL        
   5. seq17     
   6. seq15     
   7. seq2      
   8. seq14     
   9. seq12     
  10. seq13     
  11. seq18     
  12. seq16     
  13. seq5      
  14. seq11     
  15. seq9      
  16. seq8      
  17. seq4      
  18. seq3      
  19. seq7      

Doing global rearrangements on all trees tied for best
  !-------------------------------------!
   .....................................

Adding species:
   1. seq15     
   2. seq16     
   3. GL        
   4. seq8      
   5. seq3      
   6. seq7      
   7. seq5      
   8. seq12     
   9. seq14     
  10. seq13     
  11. seq18     
  12. seq10     
  13. seq2      
  14. seq9      
  15. seq17     
  16. seq6      
  17. seq1      
  18. seq11     
  19. seq4      

Doing global rearrangements on all trees tied for best
  !-------------------------------------!
   .....................................
   .....................................
   .....................................

Adding species:
   1. seq1      
   2. seq2      
   3. seq8      
   4. seq13     
   5. seq4      
   6. GL        
   7. seq10     
   8. seq6      
   9. seq15     
  10. seq5      
  11. seq3      
  12. seq16     
  13. seq11     
  14. seq14     
  15. seq12     
  16. seq18     
  17. seq7      
  18. seq17     
  19. seq9      

Doing global rearrangements on all trees tied for best
  !-------------------------------------!
   .....................................

Adding species:
   1. seq9      
   2. seq5      
   3. seq7      
   4. seq14     
   5. seq17     
   6. seq11     
   7. seq6      
   8. seq13     
   9. seq18     
  10. seq3      
  11. seq8      
  12. seq12     
  13. seq4      
  14. seq10     
  15. GL        
  16. seq2      
  17. seq15     
  18. seq16     
  19. seq1      

Doing global rearrangements on all trees tied for best
  !-------------------------------------!
   .....................................

Adding species:
   1. seq8      
   2. seq6      
   3. seq7      
   4. seq11     
   5. seq15     
   6. seq3      
   7. seq2      
   8. seq18     
   9. seq1      
  10. seq12     
  11. seq13     
  12. seq16     
  13. seq14     
  14. seq17     
  15. seq4      
  16. seq10     
  17. GL        
  18. seq5      
  19. seq9      

Doing global rearrangements on all trees tied for best
  !-------------------------------------!
   .....................................

Adding species:
   1. seq1      
   2. seq18     
   3. seq9      
   4. seq4      
   5. seq2      
   6. GL        
   7. seq6      
   8. seq12     
   9. seq3      
  10. seq8      
  11. seq16     
  12. seq5      
  13. seq13     
  14. seq17     
  15. seq15     
  16. seq10     
  17. seq7      
  18. seq14     
  19. seq11     

Doing global rearrangements on all trees tied for best
  !-------------------------------------!
   .....................................

Adding species:
   1. seq9      
   2. GL        
   3. seq2      
   4. seq5      
   5. seq12     
   6. seq16     
   7. seq15     
   8. seq4      
   9. seq6      
  10. seq7      
  11. seq18     
  12. seq17     
  13. seq11     
  14. seq14     
  15. seq3      
  16. seq1      
  17. seq13     
  18. seq8      
  19. seq10     

Doing global rearrangements on all trees tied for best
  !-------------------------------------!
   .....................................

Collapsing best trees
   .......................................................

Output written to file "outfile"

Trees also written onto file "outtree"

Done.

