[2J[Hdnapars: can't find input file "infile"
Please enter a new file name> [2J[H
DNA parsimony algorithm, version 3.697

Setting for this run:
  U                 Search for best tree?  Yes
  S                        Search option?  More thorough search
  V              Number of trees to save?  10000
  J   Randomize input order of sequences?  No. Use input order
  O                        Outgroup root?  No, use as outgroup species  1
  T              Use Threshold parsimony?  No, use ordinary parsimony
  N           Use Transversion parsimony?  No, count all steps
  W                       Sites weighted?  No
  M           Analyze multiple data sets?  No
  I          Input sequences interleaved?  Yes
  0   Terminal type (IBM PC, ANSI, none)?  ANSI
  1    Print out the data at start of run  No
  2  Print indications of progress of run  Yes
  3                        Print out tree  Yes
  4          Print out steps in each site  No
  5  Print sequences at all nodes of tree  No
  6       Write out trees onto tree file?  Yes

  Y to accept these or type the letter for one to change

Random number seed (must be odd)?
Number of times to jumble?
[2J[H
DNA parsimony algorithm, version 3.697

Setting for this run:
  U                 Search for best tree?  Yes
  S                        Search option?  More thorough search
  V              Number of trees to save?  10000
  J   Randomize input order of sequences?  Yes (seed =       1, 10 times)
  O                        Outgroup root?  No, use as outgroup species  1
  T              Use Threshold parsimony?  No, use ordinary parsimony
  N           Use Transversion parsimony?  No, count all steps
  W                       Sites weighted?  No
  M           Analyze multiple data sets?  No
  I          Input sequences interleaved?  Yes
  0   Terminal type (IBM PC, ANSI, none)?  ANSI
  1    Print out the data at start of run  No
  2  Print indications of progress of run  Yes
  3                        Print out tree  Yes
  4          Print out steps in each site  No
  5  Print sequences at all nodes of tree  No
  6       Write out trees onto tree file?  Yes

  Y to accept these or type the letter for one to change
Type number of the outgroup:
[2J[H
DNA parsimony algorithm, version 3.697

Setting for this run:
  U                 Search for best tree?  Yes
  S                        Search option?  More thorough search
  V              Number of trees to save?  10000
  J   Randomize input order of sequences?  Yes (seed =       1, 10 times)
  O                        Outgroup root?  Yes, at sequence number  1
  T              Use Threshold parsimony?  No, use ordinary parsimony
  N           Use Transversion parsimony?  No, count all steps
  W                       Sites weighted?  No
  M           Analyze multiple data sets?  No
  I          Input sequences interleaved?  Yes
  0   Terminal type (IBM PC, ANSI, none)?  ANSI
  1    Print out the data at start of run  No
  2  Print indications of progress of run  Yes
  3                        Print out tree  Yes
  4          Print out steps in each site  No
  5  Print sequences at all nodes of tree  No
  6       Write out trees onto tree file?  Yes

  Y to accept these or type the letter for one to change
[2J[H
DNA parsimony algorithm, version 3.697

Setting for this run:
  U                 Search for best tree?  Yes
  S                        Search option?  More thorough search
  V              Number of trees to save?  10000
  J   Randomize input order of sequences?  Yes (seed =       1, 10 times)
  O                        Outgroup root?  Yes, at sequence number  1
  T              Use Threshold parsimony?  No, use ordinary parsimony
  N           Use Transversion parsimony?  No, count all steps
  W                       Sites weighted?  No
  M           Analyze multiple data sets?  No
  I          Input sequences interleaved?  Yes
  0   Terminal type (IBM PC, ANSI, none)?  ANSI
  1    Print out the data at start of run  No
  2  Print indications of progress of run  Yes
  3                        Print out tree  Yes
  4          Print out steps in each site  Yes
  5  Print sequences at all nodes of tree  No
  6       Write out trees onto tree file?  Yes

  Y to accept these or type the letter for one to change
[2J[H
DNA parsimony algorithm, version 3.697

Setting for this run:
  U                 Search for best tree?  Yes
  S                        Search option?  More thorough search
  V              Number of trees to save?  10000
  J   Randomize input order of sequences?  Yes (seed =       1, 10 times)
  O                        Outgroup root?  Yes, at sequence number  1
  T              Use Threshold parsimony?  No, use ordinary parsimony
  N           Use Transversion parsimony?  No, count all steps
  W                       Sites weighted?  No
  M           Analyze multiple data sets?  No
  I          Input sequences interleaved?  Yes
  0   Terminal type (IBM PC, ANSI, none)?  ANSI
  1    Print out the data at start of run  No
  2  Print indications of progress of run  Yes
  3                        Print out tree  Yes
  4          Print out steps in each site  Yes
  5  Print sequences at all nodes of tree  Yes
  .  Use dot-differencing to display them  Yes
  6       Write out trees onto tree file?  Yes

  Y to accept these or type the letter for one to change
[2J[H
DNA parsimony algorithm, version 3.697

Setting for this run:
  U                 Search for best tree?  Yes
  S                        Search option?  More thorough search
  V              Number of trees to save?  10000
  J   Randomize input order of sequences?  Yes (seed =       1, 10 times)
  O                        Outgroup root?  Yes, at sequence number  1
  T              Use Threshold parsimony?  No, use ordinary parsimony
  N           Use Transversion parsimony?  No, count all steps
  W                       Sites weighted?  No
  M           Analyze multiple data sets?  No
  I          Input sequences interleaved?  Yes
  0   Terminal type (IBM PC, ANSI, none)?  ANSI
  1    Print out the data at start of run  No
  2  Print indications of progress of run  Yes
  3                        Print out tree  Yes
  4          Print out steps in each site  Yes
  5  Print sequences at all nodes of tree  Yes
  .  Use dot-differencing to display them  No
  6       Write out trees onto tree file?  Yes

  Y to accept these or type the letter for one to change
Adding species:
   1. seq17     
   2. GL        
   3. seq16     
   4. seq14     
   5. seq10     
   6. seq18     
   7. seq4      
   8. seq15     
   9. seq11     
  10. seq3      
  11. seq8      
  12. seq5      
  13. seq21     
  14. seq13     
  15. seq20     
  16. seq7      
  17. seq2      
  18. seq19     
  19. seq1      
  20. seq9      
  21. seq6      
  22. seq12     

Doing global rearrangements on all trees tied for best
  !-------------------------------------------!
   ...........................................
   ...........................................
   ...........................................

Adding species:
   1. seq2      
   2. seq9      
   3. seq17     
   4. GL        
   5. seq7      
   6. seq12     
   7. seq1      
   8. seq11     
   9. seq6      
  10. seq3      
  11. seq10     
  12. seq20     
  13. seq21     
  14. seq18     
  15. seq13     
  16. seq16     
  17. seq8      
  18. seq19     
  19. seq15     
  20. seq4      
  21. seq5      
  22. seq14     

Doing global rearrangements on all trees tied for best
  !-------------------------------------------!
   ...........................................
   ...........................................
   ...........................................
   ...........................................
   ...........................................
   ...........................................
   ...........................................
   ...........................................
   ...........................................
   ...........................................
   ...........................................
   ...........................................
   ...........................................
   ...........................................
   ...........................................
   ...........................................
   ...........................................
   ...........................................
   ...........................................
   ...........................................
   ...........................................
   ...........................................
   ...........................................
   ...........................................
   ...........................................
   ...........................................
   ...........................................
   ...........................................
   ...........................................
   ...........................................
   ...........................................
   ...........................................
   ...........................................
   ...........................................
   ...........................................
   ...........................................
   ...........................................
   ...........................................
   ...........................................
   ...........................................
   ...........................................
   ...........................................
   ...........................................
   ...........................................
   ...........................................
   ...........................................
   ...........................................
   ...........................................
   ...........................................
   ...........................................
   ...........................................
   ...........................................
   ...........................................
   ...........................................
   ...........................................
   ...........................................
   ...........................................
   ...........................................
   ...........................................
   ...........................................
   ...........................................
   ...........................................
   ...........................................
   ...........................................
   ...........................................
   ...........................................
   ...........................................
   ...........................................
   ...........................................
   ...........................................
   ...........................................
   ...........................................
   ...........................................
   ...........................................
   ...........................................
   ...........................................
   ...........................................
   ...........................................
   ...........................................
   ...........................................
   ...........................................
   ...........................................
   ...........................................
   ...........................................
   ...........................................
   ...........................................
   ...........................................
   ...........................................
   ...........................................
   ...........................................
   ...........................................
   ...........................................
   ...........................................
   ...........................................
   ...........................................
   ...........................................
   ...........................................
   ...........................................
   ...........................................
   ...........................................
   ...........................................
   ...........................................
   ...........................................
   ...........................................
   ...........................................
   ...........................................
   ...........................................
   ...........................................
   ...........................................
   ...........................................
   ...........................................
   ...........................................
   ...........................................
   ...........................................

Adding species:
   1. seq8      
   2. seq6      
   3. seq5      
   4. seq19     
   5. seq14     
   6. seq3      
   7. seq20     
   8. seq13     
   9. seq10     
  10. seq4      
  11. seq17     
  12. seq2      
  13. seq12     
  14. seq9      
  15. seq21     
  16. GL        
  17. seq15     
  18. seq16     
  19. seq18     
  20. seq1      
  21. seq7      
  22. seq11     

Doing global rearrangements on all trees tied for best
  !-------------------------------------------!
   ...........................................
   ...........................................
   ...........................................
   ...........................................
   ...........................................
   ...........................................
   ...........................................
   ...........................................
   ...........................................
   ...........................................
   ...........................................
   ...........................................
   ...........................................
   ...........................................
   ...........................................
   ...........................................
   ...........................................
   ...........................................
   ...........................................
   ...........................................
   ...........................................
   ...........................................
   ...........................................
   ...........................................
   ...........................................
   ...........................................
   ...........................................
   ...........................................
   ...........................................
   ...........................................
   ...........................................
   ...........................................

Adding species:
   1. seq12     
   2. seq15     
   3. seq16     
   4. seq5      
   5. seq2      
   6. seq10     
   7. seq3      
   8. seq18     
   9. seq6      
  10. seq7      
  11. seq11     
  12. seq17     
  13. seq1      
  14. seq9      
  15. seq13     
  16. seq20     
  17. seq21     
  18. seq14     
  19. seq19     
  20. seq4      
  21. GL        
  22. seq8      

Doing global rearrangements on all trees tied for best
  !-------------------------------------------!
   ...........................................

Adding species:
   1. seq4      
   2. seq8      
   3. seq1      
   4. seq15     
   5. seq20     
   6. seq9      
   7. seq18     
   8. seq13     
   9. seq2      
  10. seq10     
  11. seq3      
  12. seq17     
  13. seq5      
  14. seq7      
  15. seq16     
  16. seq6      
  17. GL        
  18. seq11     
  19. seq14     
  20. seq21     
  21. seq19     
  22. seq12     

Doing global rearrangements on all trees tied for best
  !-------------------------------------------!
   ...........................................

Adding species:
   1. seq13     
   2. seq1      
   3. seq9      
   4. seq11     
   5. seq18     
   6. seq21     
   7. seq5      
   8. seq15     
   9. seq3      
  10. seq17     
  11. seq12     
  12. seq8      
  13. seq10     
  14. seq7      
  15. seq2      
  16. seq16     
  17. GL        
  18. seq14     
  19. seq6      
  20. seq4      
  21. seq19     
  22. seq20     

Doing global rearrangements on all trees tied for best
  !-------------------------------------------!
   ...........................................

Adding species:
   1. seq9      
   2. seq7      
   3. seq4      
   4. seq12     
   5. seq16     
   6. seq6      
   7. seq1      
   8. seq19     
   9. seq10     
  10. seq2      
  11. seq21     
  12. seq17     
  13. seq15     
  14. seq5      
  15. seq20     
  16. seq8      
  17. seq11     
  18. seq14     
  19. seq3      
  20. GL        
  21. seq18     
  22. seq13     

Doing global rearrangements on all trees tied for best
  !-------------------------------------------!
   ...........................................

Adding species:
   1. seq21     
   2. seq16     
   3. seq18     
   4. seq1      
   5. seq4      
   6. seq10     
   7. seq8      
   8. seq3      
   9. seq2      
  10. seq14     
  11. seq11     
  12. seq5      
  13. seq15     
  14. seq12     
  15. seq19     
  16. seq13     
  17. seq9      
  18. seq20     
  19. seq6      
  20. seq7      
  21. GL        
  22. seq17     

Doing global rearrangements on all trees tied for best
  !-------------------------------------------!
   ...........................................

Adding species:
   1. seq4      
   2. seq20     
   3. seq7      
   4. seq11     
   5. seq10     
   6. seq5      
   7. GL        
   8. seq18     
   9. seq17     
  10. seq1      
  11. seq2      
  12. seq8      
  13. seq9      
  14. seq6      
  15. seq16     
  16. seq21     
  17. seq14     
  18. seq12     
  19. seq19     
  20. seq15     
  21. seq3      
  22. seq13     

Doing global rearrangements on all trees tied for best
  !-------------------------------------------!
   ...........................................

Adding species:
   1. seq21     
   2. seq8      
   3. seq20     
   4. seq5      
   5. seq6      
   6. seq1      
   7. seq4      
   8. seq18     
   9. seq15     
  10. GL        
  11. seq7      
  12. seq3      
  13. seq17     
  14. seq19     
  15. seq10     
  16. seq16     
  17. seq11     
  18. seq9      
  19. seq13     
  20. seq12     
  21. seq2      
  22. seq14     

Doing global rearrangements on all trees tied for best
  !-------------------------------------------!
   ...........................................

Collapsing best trees
   .................................................

Output written to file "outfile"

Tree also written onto file "outtree"

Done.

