[2J[Hdnapars: can't find input file "infile"
Please enter a new file name> [2J[H
DNA parsimony algorithm, version 3.697

Setting for this run:
  U                 Search for best tree?  Yes
  S                        Search option?  More thorough search
  V              Number of trees to save?  10000
  J   Randomize input order of sequences?  No. Use input order
  O                        Outgroup root?  No, use as outgroup species  1
  T              Use Threshold parsimony?  No, use ordinary parsimony
  N           Use Transversion parsimony?  No, count all steps
  W                       Sites weighted?  No
  M           Analyze multiple data sets?  No
  I          Input sequences interleaved?  Yes
  0   Terminal type (IBM PC, ANSI, none)?  ANSI
  1    Print out the data at start of run  No
  2  Print indications of progress of run  Yes
  3                        Print out tree  Yes
  4          Print out steps in each site  No
  5  Print sequences at all nodes of tree  No
  6       Write out trees onto tree file?  Yes

  Y to accept these or type the letter for one to change

Random number seed (must be odd)?
Number of times to jumble?
[2J[H
DNA parsimony algorithm, version 3.697

Setting for this run:
  U                 Search for best tree?  Yes
  S                        Search option?  More thorough search
  V              Number of trees to save?  10000
  J   Randomize input order of sequences?  Yes (seed =       1, 10 times)
  O                        Outgroup root?  No, use as outgroup species  1
  T              Use Threshold parsimony?  No, use ordinary parsimony
  N           Use Transversion parsimony?  No, count all steps
  W                       Sites weighted?  No
  M           Analyze multiple data sets?  No
  I          Input sequences interleaved?  Yes
  0   Terminal type (IBM PC, ANSI, none)?  ANSI
  1    Print out the data at start of run  No
  2  Print indications of progress of run  Yes
  3                        Print out tree  Yes
  4          Print out steps in each site  No
  5  Print sequences at all nodes of tree  No
  6       Write out trees onto tree file?  Yes

  Y to accept these or type the letter for one to change
Type number of the outgroup:
[2J[H
DNA parsimony algorithm, version 3.697

Setting for this run:
  U                 Search for best tree?  Yes
  S                        Search option?  More thorough search
  V              Number of trees to save?  10000
  J   Randomize input order of sequences?  Yes (seed =       1, 10 times)
  O                        Outgroup root?  Yes, at sequence number  1
  T              Use Threshold parsimony?  No, use ordinary parsimony
  N           Use Transversion parsimony?  No, count all steps
  W                       Sites weighted?  No
  M           Analyze multiple data sets?  No
  I          Input sequences interleaved?  Yes
  0   Terminal type (IBM PC, ANSI, none)?  ANSI
  1    Print out the data at start of run  No
  2  Print indications of progress of run  Yes
  3                        Print out tree  Yes
  4          Print out steps in each site  No
  5  Print sequences at all nodes of tree  No
  6       Write out trees onto tree file?  Yes

  Y to accept these or type the letter for one to change
[2J[H
DNA parsimony algorithm, version 3.697

Setting for this run:
  U                 Search for best tree?  Yes
  S                        Search option?  More thorough search
  V              Number of trees to save?  10000
  J   Randomize input order of sequences?  Yes (seed =       1, 10 times)
  O                        Outgroup root?  Yes, at sequence number  1
  T              Use Threshold parsimony?  No, use ordinary parsimony
  N           Use Transversion parsimony?  No, count all steps
  W                       Sites weighted?  No
  M           Analyze multiple data sets?  No
  I          Input sequences interleaved?  Yes
  0   Terminal type (IBM PC, ANSI, none)?  ANSI
  1    Print out the data at start of run  No
  2  Print indications of progress of run  Yes
  3                        Print out tree  Yes
  4          Print out steps in each site  Yes
  5  Print sequences at all nodes of tree  No
  6       Write out trees onto tree file?  Yes

  Y to accept these or type the letter for one to change
[2J[H
DNA parsimony algorithm, version 3.697

Setting for this run:
  U                 Search for best tree?  Yes
  S                        Search option?  More thorough search
  V              Number of trees to save?  10000
  J   Randomize input order of sequences?  Yes (seed =       1, 10 times)
  O                        Outgroup root?  Yes, at sequence number  1
  T              Use Threshold parsimony?  No, use ordinary parsimony
  N           Use Transversion parsimony?  No, count all steps
  W                       Sites weighted?  No
  M           Analyze multiple data sets?  No
  I          Input sequences interleaved?  Yes
  0   Terminal type (IBM PC, ANSI, none)?  ANSI
  1    Print out the data at start of run  No
  2  Print indications of progress of run  Yes
  3                        Print out tree  Yes
  4          Print out steps in each site  Yes
  5  Print sequences at all nodes of tree  Yes
  .  Use dot-differencing to display them  Yes
  6       Write out trees onto tree file?  Yes

  Y to accept these or type the letter for one to change
[2J[H
DNA parsimony algorithm, version 3.697

Setting for this run:
  U                 Search for best tree?  Yes
  S                        Search option?  More thorough search
  V              Number of trees to save?  10000
  J   Randomize input order of sequences?  Yes (seed =       1, 10 times)
  O                        Outgroup root?  Yes, at sequence number  1
  T              Use Threshold parsimony?  No, use ordinary parsimony
  N           Use Transversion parsimony?  No, count all steps
  W                       Sites weighted?  No
  M           Analyze multiple data sets?  No
  I          Input sequences interleaved?  Yes
  0   Terminal type (IBM PC, ANSI, none)?  ANSI
  1    Print out the data at start of run  No
  2  Print indications of progress of run  Yes
  3                        Print out tree  Yes
  4          Print out steps in each site  Yes
  5  Print sequences at all nodes of tree  Yes
  .  Use dot-differencing to display them  No
  6       Write out trees onto tree file?  Yes

  Y to accept these or type the letter for one to change
Adding species:
   1. seq17     
   2. GL        
   3. seq16     
   4. seq14     
   5. seq10     
   6. seq18     
   7. seq4      
   8. seq15     
   9. seq11     
  10. seq3      
  11. seq8      
  12. seq5      
  13. seq21     
  14. seq13     
  15. seq20     
  16. seq22     
  17. seq2      
  18. seq19     
  19. seq1      
  20. seq9      
  21. seq6      
  22. seq12     
  23. seq7      

Doing global rearrangements on all trees tied for best
  !---------------------------------------------!
   .............................................
   .............................................
   .............................................
   .............................................
   .............................................
   .............................................
   .............................................
   .............................................
   .............................................
   .............................................
   .............................................
   .............................................
   .............................................
   .............................................
   .............................................
   .............................................

Adding species:
   1. seq1      
   2. seq8      
   3. seq16     
   4. seq4      
   5. seq11     
   6. GL        
   7. seq10     
   8. seq6      
   9. seq2      
  10. seq9      
  11. seq5      
  12. seq20     
  13. seq14     
  14. seq21     
  15. seq15     
  16. seq7      
  17. seq18     
  18. seq12     
  19. seq3      
  20. seq13     
  21. seq19     
  22. seq17     
  23. seq22     

Doing global rearrangements on all trees tied for best
  !---------------------------------------------!
   .............................................

Adding species:
   1. seq6      
   2. seq3      
   3. seq17     
   4. seq12     
   5. seq9      
   6. seq21     
   7. seq18     
   8. seq8      
   9. seq15     
  10. seq14     
  11. seq10     
  12. seq7      
  13. seq1      
  14. seq19     
  15. seq13     
  16. seq20     
  17. seq16     
  18. seq22     
  19. seq11     
  20. seq2      
  21. seq4      
  22. seq5      
  23. GL        

Doing global rearrangements on all trees tied for best
  !---------------------------------------------!
   .............................................

Adding species:
   1. seq9      
   2. seq22     
   3. seq1      
   4. seq7      
   5. seq2      
   6. seq3      
   7. seq15     
   8. seq8      
   9. seq6      
  10. seq14     
  11. GL        
  12. seq10     
  13. seq21     
  14. seq18     
  15. seq20     
  16. seq4      
  17. seq16     
  18. seq12     
  19. seq17     
  20. seq5      
  21. seq11     
  22. seq19     
  23. seq13     

Doing global rearrangements on all trees tied for best
  !---------------------------------------------!
   .............................................

Adding species:
   1. seq4      
   2. seq2      
   3. seq11     
   4. seq16     
   5. seq14     
   6. seq9      
   7. seq3      
   8. seq7      
   9. seq13     
  10. seq6      
  11. seq18     
  12. seq12     
  13. seq1      
  14. seq5      
  15. seq19     
  16. seq17     
  17. seq15     
  18. seq21     
  19. GL        
  20. seq10     
  21. seq20     
  22. seq22     
  23. seq8      

Doing global rearrangements on all trees tied for best
  !---------------------------------------------!
   .............................................

Adding species:
   1. seq8      
   2. seq19     
   3. seq18     
   4. seq16     
   5. seq14     
   6. seq10     
   7. seq12     
   8. seq17     
   9. seq2      
  10. seq7      
  11. seq11     
  12. seq5      
  13. seq22     
  14. seq1      
  15. seq3      
  16. seq13     
  17. seq15     
  18. GL        
  19. seq6      
  20. seq4      
  21. seq9      
  22. seq20     
  23. seq21     

Doing global rearrangements on all trees tied for best
  !---------------------------------------------!
   .............................................

Adding species:
   1. seq3      
   2. seq6      
   3. seq5      
   4. seq10     
   5. seq1      
   6. seq19     
   7. seq8      
   8. seq22     
   9. seq9      
  10. seq2      
  11. seq14     
  12. GL        
  13. seq17     
  14. seq7      
  15. seq18     
  16. seq11     
  17. seq4      
  18. seq16     
  19. seq12     
  20. seq20     
  21. seq13     
  22. seq21     
  23. seq15     

Doing global rearrangements on all trees tied for best
  !---------------------------------------------!
   .............................................
   .............................................

Adding species:
   1. seq19     
   2. seq11     
   3. seq3      
   4. GL        
   5. seq4      
   6. seq7      
   7. seq8      
   8. seq5      
   9. seq22     
  10. seq18     
  11. seq16     
  12. seq13     
  13. seq2      
  14. seq1      
  15. seq10     
  16. seq9      
  17. seq15     
  18. seq14     
  19. seq12     
  20. seq20     
  21. seq17     
  22. seq6      
  23. seq21     

Doing global rearrangements on all trees tied for best
  !---------------------------------------------!
   .............................................
   .............................................
   .............................................

Adding species:
   1. GL        
   2. seq21     
   3. seq1      
   4. seq22     
   5. seq17     
   6. seq4      
   7. seq6      
   8. seq8      
   9. seq15     
  10. seq13     
  11. seq9      
  12. seq19     
  13. seq3      
  14. seq2      
  15. seq20     
  16. seq18     
  17. seq16     
  18. seq10     
  19. seq14     
  20. seq11     
  21. seq5      
  22. seq12     
  23. seq7      

Doing global rearrangements on all trees tied for best
  !---------------------------------------------!
   .............................................

Adding species:
   1. seq22     
   2. seq11     
   3. seq17     
   4. seq13     
   5. seq3      
   6. seq1      
   7. seq21     
   8. seq10     
   9. seq2      
  10. seq15     
  11. seq18     
  12. GL        
  13. seq5      
  14. seq19     
  15. seq12     
  16. seq6      
  17. seq4      
  18. seq20     
  19. seq7      
  20. seq9      
  21. seq16     
  22. seq8      
  23. seq14     

Doing global rearrangements on all trees tied for best
  !---------------------------------------------!
   .............................................

Collapsing best trees
   ..................

Output written to file "outfile"

Trees also written onto file "outtree"

Done.

